<?xml version="1.0" encoding="UTF-8"?>
<!-- Generated by org.testng.reporters.JUnitXMLReporter -->
<testsuite ignored="0" hostname="Debasishs-MacBook-Air.local" failures="0" tests="1" name="IOS Test" time="20.178" errors="0" timestamp="2024-09-01T21:12:52 IST">
  <testcase classname="org.rahulshettyacademy.TestUtils.IOSBaseTest" name="@BeforeClass ConfigureAppium" time="20.132">
    <failure type="io.appium.java_client.service.local.AppiumServerHasNotBeenStartedLocallyException" message="Appium HTTP server is not listening at http://127.0.0.1:4722/ after 20000 ms timeout. Consider increasing the server startup timeout value and check the server log for possible error messages occurrences.
Node.js executable path: /usr/local/bin/node
Arguments: [/opt/homebrew/lib/node_modules/appium/build/lib/main.js, --port, 4722, --address, 127.0.0.1]
Server log: [35m[Appium][39m Welcome to Appium v2.5.4 (REV abc0584215659c5a8716d0798ea2801388d01368)
[35m[Appium][39m Non-default server args:
[35m[Appium][39m { address: [32m&amp;apos;127.0.0.1&amp;apos;[39m, port: [33m4722[39m }
[35m[Appium][39m The autodetected Appium home path: /Users/debasishpruseth/.appium
[35m[Appium][39m Attempting to load driver uiautomator2...
[35m[Appium][39m Attempting to load driver xcuitest...
[35m[Appium][39m Requiring driver at /Users/debasishpruseth/.appium/node_modules/appium-uiautomator2-driver/build/index.js
[35m[Appium][39m Requiring driver at /Users/debasishpruseth/.appium/node_modules/appium-xcuitest-driver/build/index.js
[Appium] AndroidUiautomator2Driver has been successfully loaded in 1.229s
[Appium] XCUITestDriver has been successfully loaded in 1.229s
[38;5;0m[HTTP][0m Could not start REST http interface listener. The requested port may already be in use. Please make sure there is no other instance of this server running already.
[Appium] Could not configure Appium server. It&amp;apos;s possible that a driver or plugin tried to update the server and failed. Original error: listen EADDRINUSE: address already in use 127.0.0.1:4722
[Appium] Error: listen EADDRINUSE: address already in use 127.0.0.1:4722
[Appium]     at Server.setupListenHandle [as _listen2] (node:net:1898:16)
[Appium]     at listenInCluster (node:net:1946:12)
[Appium]     at doListen (node:net:2116:7)
[Appium]     at processTicksAndRejections (node:internal/process/task_queues:83:21)
">
      <![CDATA[io.appium.java_client.service.local.AppiumServerHasNotBeenStartedLocallyException: Appium HTTP server is not listening at http://127.0.0.1:4722/ after 20000 ms timeout. Consider increasing the server startup timeout value and check the server log for possible error messages occurrences.
Node.js executable path: /usr/local/bin/node
Arguments: [/opt/homebrew/lib/node_modules/appium/build/lib/main.js, --port, 4722, --address, 127.0.0.1]
Server log: [35m[Appium][39m Welcome to Appium v2.5.4 (REV abc0584215659c5a8716d0798ea2801388d01368)
[35m[Appium][39m Non-default server args:
[35m[Appium][39m { address: [32m'127.0.0.1'[39m, port: [33m4722[39m }
[35m[Appium][39m The autodetected Appium home path: /Users/debasishpruseth/.appium
[35m[Appium][39m Attempting to load driver uiautomator2...
[35m[Appium][39m Attempting to load driver xcuitest...
[35m[Appium][39m Requiring driver at /Users/debasishpruseth/.appium/node_modules/appium-uiautomator2-driver/build/index.js
[35m[Appium][39m Requiring driver at /Users/debasishpruseth/.appium/node_modules/appium-xcuitest-driver/build/index.js
[Appium] AndroidUiautomator2Driver has been successfully loaded in 1.229s
[Appium] XCUITestDriver has been successfully loaded in 1.229s
[38;5;0m[HTTP][0m Could not start REST http interface listener. The requested port may already be in use. Please make sure there is no other instance of this server running already.
[Appium] Could not configure Appium server. It's possible that a driver or plugin tried to update the server and failed. Original error: listen EADDRINUSE: address already in use 127.0.0.1:4722
[Appium] Error: listen EADDRINUSE: address already in use 127.0.0.1:4722
[Appium]     at Server.setupListenHandle [as _listen2] (node:net:1898:16)
[Appium]     at listenInCluster (node:net:1946:12)
[Appium]     at doListen (node:net:2116:7)
[Appium]     at processTicksAndRejections (node:internal/process/task_queues:83:21)

at io.appium.java_client.service.local.AppiumDriverLocalService.start(AppiumDriverLocalService.java:192)
at org.rahulshettyacademy.utils.AppiumUtils.startAppiumServer(AppiumUtils.java:64)
at org.rahulshettyacademy.TestUtils.IOSBaseTest.ConfigureAppium(IOSBaseTest.java:56)
at java.base/java.util.ArrayList.forEach(ArrayList.java:1511)
Caused by: io.appium.java_client.service.local.AppiumServerAvailabilityChecker$ConnectionTimeout: ConnectionTimeout
at io.appium.java_client.service.local.AppiumServerAvailabilityChecker.waitUntilAvailable(AppiumServerAvailabilityChecker.java:72)
at io.appium.java_client.service.local.AppiumDriverLocalService.ping(AppiumDriverLocalService.java:144)
at io.appium.java_client.service.local.AppiumDriverLocalService.start(AppiumDriverLocalService.java:185)
... 28 more
Caused by: java.net.ConnectException: Connection refused
at java.base/sun.nio.ch.Net.pollConnect(Native Method)
at java.base/sun.nio.ch.Net.pollConnectNow(Net.java:672)
at java.base/sun.nio.ch.NioSocketImpl.timedFinishConnect(NioSocketImpl.java:549)
at java.base/sun.nio.ch.NioSocketImpl.connect(NioSocketImpl.java:597)
at java.base/java.net.Socket.connect(Socket.java:633)
at java.base/sun.net.NetworkClient.doConnect(NetworkClient.java:178)
at java.base/sun.net.www.http.HttpClient.openServer(HttpClient.java:534)
at java.base/sun.net.www.http.HttpClient.openServer(HttpClient.java:639)
at java.base/sun.net.www.http.HttpClient.<init>(HttpClient.java:282)
at java.base/sun.net.www.http.HttpClient.New(HttpClient.java:387)
at java.base/sun.net.www.http.HttpClient.New(HttpClient.java:409)
at java.base/sun.net.www.protocol.http.HttpURLConnection.getNewHttpClient(HttpURLConnection.java:1309)
at java.base/sun.net.www.protocol.http.HttpURLConnection.plainConnect0(HttpURLConnection.java:1242)
at java.base/sun.net.www.protocol.http.HttpURLConnection.plainConnect(HttpURLConnection.java:1128)
at java.base/sun.net.www.protocol.http.HttpURLConnection.connect(HttpURLConnection.java:1057)
at io.appium.java_client.service.local.AppiumServerAvailabilityChecker.connectToUrl(AppiumServerAvailabilityChecker.java:79)
at io.appium.java_client.service.local.AppiumServerAvailabilityChecker.waitUntilAvailable(AppiumServerAvailabilityChecker.java:61)
... 30 more
... Removed 25 stack frames]]>
    </failure>
  </testcase> <!-- @BeforeClass ConfigureAppium -->
  <testcase classname="org.rahulshettyacademy.TestUtils.IOSBaseTest" name="@AfterClass tearDown" time="0.0">
    <skipped/>
  </testcase> <!-- @AfterClass tearDown -->
  <testcase classname="org.rahulshettyacademy.IOSBasicsTest" name="IOSBasicsTest" time="0.0">
    <skipped/>
  </testcase> <!-- IOSBasicsTest -->
</testsuite> <!-- IOS Test -->
