<?xml version="1.0" encoding="UTF-8"?>
<!-- Generated by org.testng.reporters.JUnitXMLReporter -->
<testsuite ignored="0" hostname="Debasishs-MacBook-Air.local" failures="0" tests="1" name="Test" time="9.008" errors="0" timestamp="2024-09-08T23:45:59 IST">
  <testcase classname="org.rahulshettyacademy.TestUtils.AndroidBaseTest" name="@BeforeClass ConfigureAppium" time="8.937">
    <failure type="org.openqa.selenium.SessionNotCreatedException" message="Could not start a new session. Response code 500. Message: A new session could not be created. Details: java.lang.IllegalStateException: UiAutomation not connected, UiAutomation@6bef90a[id=-1, displayId=0, flags=0] 
Host info: host: &amp;apos;Debasishs-MacBook-Air.local&amp;apos;, ip: &amp;apos;fe80:0:0:0:44c:2c12:8e1:67ea%en0&amp;apos;
Build info: version: &amp;apos;4.24.0&amp;apos;, revision: &amp;apos;748ffc9bc3&amp;apos;
System info: os.name: &amp;apos;Mac OS X&amp;apos;, os.arch: &amp;apos;aarch64&amp;apos;, os.version: &amp;apos;14.6.1&amp;apos;, java.version: &amp;apos;17.0.8&amp;apos;
Driver info: io.appium.java_client.android.AndroidDriver
Command: [null, newSession {capabilities=[{appium:automationName=UIAutomator2, appium:app=/Users/debasishpruseth/eclipse-workspace/MobileFramework1//src//test//java//org//rahulshettyacademy//resources//Mentor Connect_1.2.8_APKPure.apk, platformName=ANDROID}], desiredCapabilities=Capabilities {appium:app: /Users/debasishpruseth/ecli..., appium:automationName: UIAutomator2, platformName: ANDROID}}]
Capabilities {appium:app: /Users/debasishpruseth/ecli..., appium:automationName: UIAutomator2, platformName: ANDROID}">
      <![CDATA[org.openqa.selenium.SessionNotCreatedException: Could not start a new session. Response code 500. Message: A new session could not be created. Details: java.lang.IllegalStateException: UiAutomation not connected, UiAutomation@6bef90a[id=-1, displayId=0, flags=0] 
Host info: host: 'Debasishs-MacBook-Air.local', ip: 'fe80:0:0:0:44c:2c12:8e1:67ea%en0'
Build info: version: '4.24.0', revision: '748ffc9bc3'
System info: os.name: 'Mac OS X', os.arch: 'aarch64', os.version: '14.6.1', java.version: '17.0.8'
Driver info: io.appium.java_client.android.AndroidDriver
Command: [null, newSession {capabilities=[{appium:automationName=UIAutomator2, appium:app=/Users/debasishpruseth/eclipse-workspace/MobileFramework1//src//test//java//org//rahulshettyacademy//resources//Mentor Connect_1.2.8_APKPure.apk, platformName=ANDROID}], desiredCapabilities=Capabilities {appium:app: /Users/debasishpruseth/ecli..., appium:automationName: UIAutomator2, platformName: ANDROID}}]
Capabilities {appium:app: /Users/debasishpruseth/ecli..., appium:automationName: UIAutomator2, platformName: ANDROID}
at org.openqa.selenium.remote.ProtocolHandshake.createSession(ProtocolHandshake.java:114)
at io.appium.java_client.remote.AppiumProtocolHandshake.createSession(AppiumProtocolHandshake.java:116)
at io.appium.java_client.remote.AppiumProtocolHandshake.createSession(AppiumProtocolHandshake.java:96)
at io.appium.java_client.remote.AppiumCommandExecutor.createSession(AppiumCommandExecutor.java:176)
at io.appium.java_client.remote.AppiumCommandExecutor.execute(AppiumCommandExecutor.java:237)
at org.openqa.selenium.remote.RemoteWebDriver.execute(RemoteWebDriver.java:545)
at io.appium.java_client.AppiumDriver.startSession(AppiumDriver.java:268)
at org.openqa.selenium.remote.RemoteWebDriver.<init>(RemoteWebDriver.java:174)
at io.appium.java_client.AppiumDriver.<init>(AppiumDriver.java:90)
at io.appium.java_client.AppiumDriver.<init>(AppiumDriver.java:102)
at io.appium.java_client.android.AndroidDriver.<init>(AndroidDriver.java:109)
at org.rahulshettyacademy.TestUtils.AndroidBaseTest.ConfigureAppium(AndroidBaseTest.java:69)
at java.base/java.util.ArrayList.forEach(ArrayList.java:1511)
... Removed 29 stack frames]]>
    </failure>
  </testcase> <!-- @BeforeClass ConfigureAppium -->
  <testcase classname="org.rahulshettyacademy.TestUtils.AndroidBaseTest" name="@AfterClass tearDown" time="0.001">
    <failure type="java.lang.NullPointerException" message="Cannot invoke &amp;quot;io.appium.java_client.android.AndroidDriver.quit()&amp;quot; because &amp;quot;this.driver&amp;quot; is null">
      <![CDATA[java.lang.NullPointerException: Cannot invoke "io.appium.java_client.android.AndroidDriver.quit()" because "this.driver" is null
at org.rahulshettyacademy.TestUtils.AndroidBaseTest.tearDown(AndroidBaseTest.java:82)
at java.base/java.util.ArrayList.forEach(ArrayList.java:1511)
... Removed 26 stack frames]]>
    </failure>
  </testcase> <!-- @AfterClass tearDown -->
  <testcase classname="org.rahulshettyacademy.Mc_tcLogin_1" name="loginToUser" time="0.0">
    <skipped/>
  </testcase> <!-- loginToUser -->
</testsuite> <!-- Test -->
